2015-05-19 23:11:05,900 - [INFO] - from play in pool-6-thread-5 
Listening for HTTP on /0:0:0:0:0:0:0:0:9000

2015-05-19 23:11:26,060 - [INFO] - from play in play-internal-execution-context-1 
database [default] connected at jdbc:postgresql://cselcik.com:5432/bpptest

2015-05-19 23:11:26,188 - [ERROR] - from application in play-internal-execution-context-1 
Checking if the database schema is initialized...

2015-05-19 23:11:26,299 - [ERROR] - from application in play-internal-execution-context-1 
Fetching the available clusters...

2015-05-19 23:11:26,398 - [ERROR] - from application in play-internal-execution-context-1 
Found 1 clusters. Starting service...

2015-05-19 23:11:26,405 - [INFO] - from play in play-internal-execution-context-1 
Application started (Dev)

2015-05-19 23:11:59,428 - [INFO] - from play in play-internal-execution-context-1 
database [default] connected at jdbc:postgresql://cselcik.com:5432/bpptest

2015-05-19 23:11:59,433 - [ERROR] - from application in play-internal-execution-context-1 
Checking if the database schema is initialized...

2015-05-19 23:11:59,519 - [ERROR] - from application in play-internal-execution-context-1 
Fetching the available clusters...

2015-05-19 23:11:59,605 - [ERROR] - from application in play-internal-execution-context-1 
Found 1 clusters. Starting service...

2015-05-19 23:11:59,605 - [INFO] - from play in play-internal-execution-context-1 
Application started (Dev)

2015-05-19 23:22:57,915 - [INFO] - from play in play-internal-execution-context-1 
database [default] connected at jdbc:postgresql://cselcik.com:5432/bpptest

2015-05-19 23:22:57,921 - [ERROR] - from application in play-internal-execution-context-1 
Checking if the database schema is initialized...

2015-05-19 23:22:58,008 - [ERROR] - from application in play-internal-execution-context-1 
Fetching the available clusters...

2015-05-19 23:22:58,083 - [ERROR] - from application in play-internal-execution-context-1 
Found 1 clusters. Starting service...

2015-05-19 23:22:58,083 - [INFO] - from play in play-internal-execution-context-1 
Application started (Dev)

2015-05-19 23:22:58,593 - [ERROR] - from play in play-akka.actor.default-dispatcher-6 
Cannot invoke the action, eventually got an error: com.googlecode.jsonrpc4j.HttpException: {"result":null,"error":{"code":-5,"message":"No information available about transaction"},"id":"3728691023650887960"}


2015-05-19 23:22:58,609 - [ERROR] - from application in play-akka.actor.default-dispatcher-6 


! @6m7ml9hf8 - Internal server error, for (GET) [/callback/txnotify/8b98614aba5fb399b7992fc95f2763dfcc58df0de0c7ae4a0a61c67d129359de] ->

play.api.Application$$anon$1: Execution exception[[HttpException: {"result":null,"error":{"code":-5,"message":"No information available about transaction"},"id":"3728691023650887960"}
]]
	at play.api.Application$class.handleError(Application.scala:296) ~[play_2.11-2.3.8.jar:2.3.8]
	at play.api.DefaultApplication.handleError(Application.scala:402) [play_2.11-2.3.8.jar:2.3.8]
	at play.core.server.netty.PlayDefaultUpstreamHandler$$anonfun$3$$anonfun$applyOrElse$4.apply(PlayDefaultUpstreamHandler.scala:320) [play_2.11-2.3.8.jar:2.3.8]
	at play.core.server.netty.PlayDefaultUpstreamHandler$$anonfun$3$$anonfun$applyOrElse$4.apply(PlayDefaultUpstreamHandler.scala:320) [play_2.11-2.3.8.jar:2.3.8]
	at scala.Option.map(Option.scala:145) [scala-library-2.11.1.jar:na]
	at play.core.server.netty.PlayDefaultUpstreamHandler$$anonfun$3.applyOrElse(PlayDefaultUpstreamHandler.scala:320) [play_2.11-2.3.8.jar:2.3.8]
	at play.core.server.netty.PlayDefaultUpstreamHandler$$anonfun$3.applyOrElse(PlayDefaultUpstreamHandler.scala:316) [play_2.11-2.3.8.jar:2.3.8]
	at scala.concurrent.Future$$anonfun$recoverWith$1.apply(Future.scala:344) [scala-library-2.11.1.jar:na]
	at scala.concurrent.Future$$anonfun$recoverWith$1.apply(Future.scala:343) [scala-library-2.11.1.jar:na]
	at scala.concurrent.impl.CallbackRunnable.run(Promise.scala:32) [scala-library-2.11.1.jar:na]
	at play.api.libs.iteratee.Execution$trampoline$.execute(Execution.scala:46) [play-iteratees_2.11-2.3.8.jar:2.3.8]
	at scala.concurrent.impl.CallbackRunnable.executeWithValue(Promise.scala:40) [scala-library-2.11.1.jar:na]
	at scala.concurrent.impl.Promise$DefaultPromise.tryComplete(Promise.scala:248) [scala-library-2.11.1.jar:na]
	at scala.concurrent.Promise$class.complete(Promise.scala:55) [scala-library-2.11.1.jar:na]
	at scala.concurrent.impl.Promise$DefaultPromise.complete(Promise.scala:153) [scala-library-2.11.1.jar:na]
	at scala.concurrent.impl.Future$PromiseCompletingRunnable.run(Future.scala:23) [scala-library-2.11.1.jar:na]
	at akka.dispatch.TaskInvocation.run(AbstractDispatcher.scala:41) [akka-actor_2.11-2.3.4.jar:na]
	at akka.dispatch.ForkJoinExecutorConfigurator$AkkaForkJoinTask.exec(AbstractDispatcher.scala:393) [akka-actor_2.11-2.3.4.jar:na]
	at scala.concurrent.forkjoin.ForkJoinTask.doExec(ForkJoinTask.java:260) [scala-library-2.11.1.jar:na]
	at scala.concurrent.forkjoin.ForkJoinPool$WorkQueue.runTask(ForkJoinPool.java:1339) [scala-library-2.11.1.jar:na]
	at scala.concurrent.forkjoin.ForkJoinPool.runWorker(ForkJoinPool.java:1979) [scala-library-2.11.1.jar:na]
	at scala.concurrent.forkjoin.ForkJoinWorkerThread.run(ForkJoinWorkerThread.java:107) [scala-library-2.11.1.jar:na]
Caused by: com.googlecode.jsonrpc4j.HttpException: {"result":null,"error":{"code":-5,"message":"No information available about transaction"},"id":"3728691023650887960"}

	at com.googlecode.jsonrpc4j.JsonRpcHttpClient.invoke(JsonRpcHttpClient.java:165) ~[jsonrpc4j-1.1.jar:na]
	at com.googlecode.jsonrpc4j.ProxyUtil$3.invoke(ProxyUtil.java:196) ~[jsonrpc4j-1.1.jar:na]
	at com.sun.proxy.$Proxy9.getrawtransaction(Unknown Source) ~[na:na]
	at controllers.Callbacks.txNotify(Callbacks.java:219) ~[classes/:na]
	at Routes$$anonfun$routes$1$$anonfun$applyOrElse$8$$anonfun$apply$8.apply(routes_routing.scala:164) ~[classes/:na]
	at Routes$$anonfun$routes$1$$anonfun$applyOrElse$8$$anonfun$apply$8.apply(routes_routing.scala:164) ~[classes/:na]
	at play.core.Router$HandlerInvokerFactory$$anon$4.resultCall(Router.scala:264) ~[play_2.11-2.3.8.jar:2.3.8]
	at play.core.Router$HandlerInvokerFactory$JavaActionInvokerFactory$$anon$15$$anon$1.invocation(Router.scala:255) ~[play_2.11-2.3.8.jar:2.3.8]
	at play.core.j.JavaAction$$anon$1.call(JavaAction.scala:55) ~[play_2.11-2.3.8.jar:2.3.8]
	at play.GlobalSettings$1.call(GlobalSettings.java:67) ~[play_2.11-2.3.8.jar:2.3.8]
	at play.core.j.JavaAction$$anonfun$11.apply(JavaAction.scala:82) ~[play_2.11-2.3.8.jar:2.3.8]
	at play.core.j.JavaAction$$anonfun$11.apply(JavaAction.scala:82) ~[play_2.11-2.3.8.jar:2.3.8]
	at scala.concurrent.impl.Future$PromiseCompletingRunnable.liftedTree1$1(Future.scala:24) [scala-library-2.11.1.jar:na]
	at scala.concurrent.impl.Future$PromiseCompletingRunnable.run(Future.scala:24) [scala-library-2.11.1.jar:na]
	at play.core.j.HttpExecutionContext$$anon$2.run(HttpExecutionContext.scala:40) ~[play_2.11-2.3.8.jar:2.3.8]
	at play.api.libs.iteratee.Execution$trampoline$.execute(Execution.scala:46) [play-iteratees_2.11-2.3.8.jar:2.3.8]
	at play.core.j.HttpExecutionContext.execute(HttpExecutionContext.scala:32) ~[play_2.11-2.3.8.jar:2.3.8]
	at scala.concurrent.impl.Future$.apply(Future.scala:31) ~[scala-library-2.11.1.jar:na]
	at scala.concurrent.Future$.apply(Future.scala:492) ~[scala-library-2.11.1.jar:na]
	at play.core.j.JavaAction$class.apply(JavaAction.scala:82) ~[play_2.11-2.3.8.jar:2.3.8]
	at play.core.Router$HandlerInvokerFactory$JavaActionInvokerFactory$$anon$15$$anon$1.apply(Router.scala:252) ~[play_2.11-2.3.8.jar:2.3.8]
	at play.api.mvc.Action$$anonfun$apply$1$$anonfun$apply$4$$anonfun$apply$5.apply(Action.scala:130) ~[play_2.11-2.3.8.jar:2.3.8]
	at play.api.mvc.Action$$anonfun$apply$1$$anonfun$apply$4$$anonfun$apply$5.apply(Action.scala:130) ~[play_2.11-2.3.8.jar:2.3.8]
	at play.utils.Threads$.withContextClassLoader(Threads.scala:21) ~[play_2.11-2.3.8.jar:2.3.8]
	at play.api.mvc.Action$$anonfun$apply$1$$anonfun$apply$4.apply(Action.scala:129) ~[play_2.11-2.3.8.jar:2.3.8]
	at play.api.mvc.Action$$anonfun$apply$1$$anonfun$apply$4.apply(Action.scala:128) ~[play_2.11-2.3.8.jar:2.3.8]
	at scala.Option.map(Option.scala:145) [scala-library-2.11.1.jar:na]
	at play.api.mvc.Action$$anonfun$apply$1.apply(Action.scala:128) ~[play_2.11-2.3.8.jar:2.3.8]
	at play.api.mvc.Action$$anonfun$apply$1.apply(Action.scala:121) ~[play_2.11-2.3.8.jar:2.3.8]
	at play.api.libs.iteratee.Iteratee$$anonfun$mapM$1.apply(Iteratee.scala:483) ~[play-iteratees_2.11-2.3.8.jar:2.3.8]
	at play.api.libs.iteratee.Iteratee$$anonfun$mapM$1.apply(Iteratee.scala:483) ~[play-iteratees_2.11-2.3.8.jar:2.3.8]
	at play.api.libs.iteratee.Iteratee$$anonfun$flatMapM$1.apply(Iteratee.scala:519) ~[play-iteratees_2.11-2.3.8.jar:2.3.8]
	at play.api.libs.iteratee.Iteratee$$anonfun$flatMapM$1.apply(Iteratee.scala:519) ~[play-iteratees_2.11-2.3.8.jar:2.3.8]
	at play.api.libs.iteratee.Iteratee$$anonfun$flatMap$1$$anonfun$apply$14.apply(Iteratee.scala:496) ~[play-iteratees_2.11-2.3.8.jar:2.3.8]
	at play.api.libs.iteratee.Iteratee$$anonfun$flatMap$1$$anonfun$apply$14.apply(Iteratee.scala:496) ~[play-iteratees_2.11-2.3.8.jar:2.3.8]
	at scala.concurrent.impl.Future$PromiseCompletingRunnable.liftedTree1$1(Future.scala:24) [scala-library-2.11.1.jar:na]
	at scala.concurrent.impl.Future$PromiseCompletingRunnable.run(Future.scala:24) [scala-library-2.11.1.jar:na]
	... 6 common frames omitted
Caused by: java.io.IOException: Server returned HTTP response code: 500 for URL: http://size.cselcik.com:8332
	at sun.net.www.protocol.http.HttpURLConnection.getInputStream0(HttpURLConnection.java:1839) ~[na:1.8.0_40]
	at sun.net.www.protocol.http.HttpURLConnection.access$200(HttpURLConnection.java:90) ~[na:1.8.0_40]
	at sun.net.www.protocol.http.HttpURLConnection$9.run(HttpURLConnection.java:1432) ~[na:1.8.0_40]
	at sun.net.www.protocol.http.HttpURLConnection$9.run(HttpURLConnection.java:1430) ~[na:1.8.0_40]
	at java.security.AccessController.doPrivileged(Native Method) ~[na:1.8.0_40]
	at java.security.AccessController.doPrivileged(AccessController.java:713) ~[na:1.8.0_40]
	at sun.net.www.protocol.http.HttpURLConnection.getInputStream(HttpURLConnection.java:1429) ~[na:1.8.0_40]
	at com.googlecode.jsonrpc4j.JsonRpcHttpClient.invoke(JsonRpcHttpClient.java:157) ~[jsonrpc4j-1.1.jar:na]
	... 42 common frames omitted

